<testsuites id="" name="" tests="200" failures="140" skipped="0" errors="0" time="433.346924">
<testsuite name="all-pages-verification.spec.ts" timestamp="2025-12-21T10:06:49.692Z" hostname="chromium" tests="40" failures="10" skipped="0" time="124.753" errors="0">
<testcase name="All Pages Verification Suite › Home Page (/) › should load home page successfully" classname="all-pages-verification.spec.ts" time="6.028">
<failure message="all-pages-verification.spec.ts:15:9 should load home page successfully" type="FAILURE">
<![CDATA[  [chromium] › all-pages-verification.spec.ts:15:9 › All Pages Verification Suite › Home Page (/) › should load home page successfully 

    Error: expect(locator).toBeVisible() failed

    Locator: locator('text=ANONYMOUS_SECURE_LINE')
    Expected: visible
    Error: strict mode violation: locator('text=ANONYMOUS_SECURE_LINE') resolved to 2 elements:
        1) <h1 class="text-xl font-bold text-[#00ff41] text-glow font-mono">[ANONYMOUS_SECURE_LINE]</h1> aka getByRole('heading', { name: '[ANONYMOUS_SECURE_LINE]' })
        2) <span>> ANONYMOUS_SECURE_LINE_v5.0 | ENCRYPTED_PROTOCOL…</span> aka getByText('> ANONYMOUS_SECURE_LINE_v5.0')

    Call log:
      - Expect "toBeVisible" with timeout 5000ms
      - waiting for locator('text=ANONYMOUS_SECURE_LINE')


      20 |       
      21 |       // Verify main elements present
    > 22 |       await expect(page.locator('text=ANONYMOUS_SECURE_LINE')).toBeVisible();
         |                                                                ^
      23 |       await expect(page.locator('text=SECURITY_KEYPAD')).toBeVisible();
      24 |     });
      25 |
        at C:\Users\Administrator\Desktop\Calling App\tests\e2e\all-pages-verification.spec.ts:22:64

    attachment #1: screenshot (image/png) ──────────────────────────────────────────────────────────
    ..\..\test-results\all-pages-verification-All-b0ce1-load-home-page-successfully-chromium\test-failed-1.png
    ────────────────────────────────────────────────────────────────────────────────────────────────

    attachment #2: video (video/webm) ──────────────────────────────────────────────────────────────
    ..\..\test-results\all-pages-verification-All-b0ce1-load-home-page-successfully-chromium\video.webm
    ────────────────────────────────────────────────────────────────────────────────────────────────

    Error Context: ..\..\test-results\all-pages-verification-All-b0ce1-load-home-page-successfully-chromium\error-context.md
]]>
</failure>
<system-out>
<![CDATA[
[[ATTACHMENT|all-pages-verification-All-b0ce1-load-home-page-successfully-chromium\test-failed-1.png]]

[[ATTACHMENT|all-pages-verification-All-b0ce1-load-home-page-successfully-chromium\video.webm]]

[[ATTACHMENT|all-pages-verification-All-b0ce1-load-home-page-successfully-chromium\error-context.md]]
]]>
</system-out>
</testcase>
<testcase name="All Pages Verification Suite › Home Page (/) › should have correct SEO meta tags" classname="all-pages-verification.spec.ts" time="5.986">
<failure message="all-pages-verification.spec.ts:26:9 should have correct SEO meta tags" type="FAILURE">
<![CDATA[  [chromium] › all-pages-verification.spec.ts:26:9 › All Pages Verification Suite › Home Page (/) › should have correct SEO meta tags 

    Error: locator.getAttribute: Error: strict mode violation: locator('meta[name="description"]') resolved to 2 elements:
        1) <meta name="description" content="Secure and Anonymous Audio Calling System"/> aka locator('meta[name="description"]').first()
        2) <meta data-rh="true" name="description" content="Encrypted peer-to-peer voice calls with zero logs. No registration, no tracking, complete anonymity. WebRTC-powered secure communication platform."/> aka locator('meta[name="description"]').nth(1)

    Call log:
      - waiting for locator('meta[name="description"]')


      32 |       
      33 |       // Check meta description
    > 34 |       const description = await page.locator('meta[name="description"]').getAttribute('content');
         |                                                                          ^
      35 |       expect(description).toContain('Encrypted peer-to-peer');
      36 |       
      37 |       // Check Open Graph tags
        at C:\Users\Administrator\Desktop\Calling App\tests\e2e\all-pages-verification.spec.ts:34:74

    attachment #1: screenshot (image/png) ──────────────────────────────────────────────────────────
    ..\..\test-results\all-pages-verification-All-286f0--have-correct-SEO-meta-tags-chromium\test-failed-1.png
    ────────────────────────────────────────────────────────────────────────────────────────────────

    attachment #2: video (video/webm) ──────────────────────────────────────────────────────────────
    ..\..\test-results\all-pages-verification-All-286f0--have-correct-SEO-meta-tags-chromium\video.webm
    ────────────────────────────────────────────────────────────────────────────────────────────────

    Error Context: ..\..\test-results\all-pages-verification-All-286f0--have-correct-SEO-meta-tags-chromium\error-context.md
]]>
</failure>
<system-out>
<![CDATA[
[[ATTACHMENT|all-pages-verification-All-286f0--have-correct-SEO-meta-tags-chromium\test-failed-1.png]]

[[ATTACHMENT|all-pages-verification-All-286f0--have-correct-SEO-meta-tags-chromium\video.webm]]

[[ATTACHMENT|all-pages-verification-All-286f0--have-correct-SEO-meta-tags-chromium\error-context.md]]
]]>
</system-out>
</testcase>
<testcase name="All Pages Verification Suite › Home Page (/) › should scroll properly if content overflows" classname="all-pages-verification.spec.ts" time="2.194">
</testcase>
<testcase name="All Pages Verification Suite › Home Page (/) › should have cyberpunk theme styling" classname="all-pages-verification.spec.ts" time="3.554">
</testcase>
<testcase name="All Pages Verification Suite › Privacy Policy Page (/privacy) › should load privacy policy page" classname="all-pages-verification.spec.ts" time="4.062">
<failure message="all-pages-verification.spec.ts:82:9 should load privacy policy page" type="FAILURE">
<![CDATA[  [chromium] › all-pages-verification.spec.ts:82:9 › All Pages Verification Suite › Privacy Policy Page (/privacy) › should load privacy policy page 

    Error: expect(locator).toBeVisible() failed

    Locator: locator('text=PROTOCOL_ZERO')
    Expected: visible
    Error: strict mode violation: locator('text=PROTOCOL_ZERO') resolved to 2 elements:
        1) <h1 class="text-2xl font-bold text-[#00ff41] text-glow font-mono">[PROTOCOL_ZERO]</h1> aka getByRole('heading', { name: '[PROTOCOL_ZERO]' })
        2) <div class="text-center text-[#00ff41] font-mono text-xs opacity-50">PROTOCOL_ZERO | PRIVACY_BY_DEFAULT | ANONYMITY_BY…</div> aka getByText('PROTOCOL_ZERO |')

    Call log:
      - Expect "toBeVisible" with timeout 5000ms
      - waiting for locator('text=PROTOCOL_ZERO')


      84 |       
      85 |       // Verify page loaded
    > 86 |       await expect(page.locator('text=PROTOCOL_ZERO')).toBeVisible();
         |                                                        ^
      87 |       await expect(page.locator('text=CORE_PRINCIPLES')).toBeVisible();
      88 |     });
      89 |
        at C:\Users\Administrator\Desktop\Calling App\tests\e2e\all-pages-verification.spec.ts:86:56

    attachment #1: screenshot (image/png) ──────────────────────────────────────────────────────────
    ..\..\test-results\all-pages-verification-All-6687d-ld-load-privacy-policy-page-chromium\test-failed-1.png
    ────────────────────────────────────────────────────────────────────────────────────────────────

    attachment #2: video (video/webm) ──────────────────────────────────────────────────────────────
    ..\..\test-results\all-pages-verification-All-6687d-ld-load-privacy-policy-page-chromium\video.webm
    ────────────────────────────────────────────────────────────────────────────────────────────────

    Error Context: ..\..\test-results\all-pages-verification-All-6687d-ld-load-privacy-policy-page-chromium\error-context.md
]]>
</failure>
<system-out>
<![CDATA[
[[ATTACHMENT|all-pages-verification-All-6687d-ld-load-privacy-policy-page-chromium\test-failed-1.png]]

[[ATTACHMENT|all-pages-verification-All-6687d-ld-load-privacy-policy-page-chromium\video.webm]]

[[ATTACHMENT|all-pages-verification-All-6687d-ld-load-privacy-policy-page-chromium\error-context.md]]
]]>
</system-out>
</testcase>
<testcase name="All Pages Verification Suite › Privacy Policy Page (/privacy) › should have all privacy sections visible after scrolling" classname="all-pages-verification.spec.ts" time="3.08">
</testcase>
<testcase name="All Pages Verification Suite › Privacy Policy Page (/privacy) › should scroll to bottom and back to top" classname="all-pages-verification.spec.ts" time="4.609">
</testcase>
<testcase name="All Pages Verification Suite › Privacy Policy Page (/privacy) › should have sticky header when scrolling" classname="all-pages-verification.spec.ts" time="2.082">
</testcase>
<testcase name="All Pages Verification Suite › Privacy Policy Page (/privacy) › should navigate back to home via EXIT button" classname="all-pages-verification.spec.ts" time="1.85">
</testcase>
<testcase name="All Pages Verification Suite › Privacy Policy Page (/privacy) › should navigate back via RETURN_TO_SECURE_LINE button" classname="all-pages-verification.spec.ts" time="4.05">
</testcase>
<testcase name="All Pages Verification Suite › Privacy Policy Page (/privacy) › should have correct SEO meta tags with noindex" classname="all-pages-verification.spec.ts" time="2.907">
</testcase>
<testcase name="All Pages Verification Suite › Privacy Policy Page (/privacy) › should have custom scrollbar styling" classname="all-pages-verification.spec.ts" time="1.785">
</testcase>
<testcase name="All Pages Verification Suite › Login Page (/login) › should load unauthorized component" classname="all-pages-verification.spec.ts" time="3.045">
</testcase>
<testcase name="All Pages Verification Suite › Login Page (/login) › should have AUTHENTICATE button" classname="all-pages-verification.spec.ts" time="2.556">
</testcase>
<testcase name="All Pages Verification Suite › Login Page (/login) › should have blurred background effect" classname="all-pages-verification.spec.ts" time="2.297">
</testcase>
<testcase name="All Pages Verification Suite › Login Page (/login) › should have noindex meta tag" classname="all-pages-verification.spec.ts" time="2.592">
</testcase>
<testcase name="All Pages Verification Suite › 404 Not Found Page › should show 404 for invalid routes" classname="all-pages-verification.spec.ts" time="2.965">
<failure message="all-pages-verification.spec.ts:233:9 should show 404 for invalid routes" type="FAILURE">
<![CDATA[  [chromium] › all-pages-verification.spec.ts:233:9 › All Pages Verification Suite › 404 Not Found Page › should show 404 for invalid routes 

    Error: expect(locator).toBeVisible() failed

    Locator: locator('text=404')
    Expected: visible
    Error: strict mode violation: locator('text=404') resolved to 2 elements:
        1) <h1 class="text-8xl font-bold text-[#00ff41] text-glow font-mono tracking-[0.3em]">404</h1> aka getByRole('heading', { name: '404' })
        2) <span>ERROR_CODE: 404</span> aka getByText('ERROR_CODE:')

    Call log:
      - Expect "toBeVisible" with timeout 5000ms
      - waiting for locator('text=404')


      234 |       await page.goto('/invalid-route-that-does-not-exist');
      235 |       
    > 236 |       await expect(page.locator('text=404')).toBeVisible();
          |                                              ^
      237 |       await expect(page.locator('text=SIGNAL_LOST')).toBeVisible();
      238 |     });
      239 |
        at C:\Users\Administrator\Desktop\Calling App\tests\e2e\all-pages-verification.spec.ts:236:46

    attachment #1: screenshot (image/png) ──────────────────────────────────────────────────────────
    ..\..\test-results\all-pages-verification-All-34dec-show-404-for-invalid-routes-chromium\test-failed-1.png
    ────────────────────────────────────────────────────────────────────────────────────────────────

    attachment #2: video (video/webm) ──────────────────────────────────────────────────────────────
    ..\..\test-results\all-pages-verification-All-34dec-show-404-for-invalid-routes-chromium\video.webm
    ────────────────────────────────────────────────────────────────────────────────────────────────

    Error Context: ..\..\test-results\all-pages-verification-All-34dec-show-404-for-invalid-routes-chromium\error-context.md
]]>
</failure>
<system-out>
<![CDATA[
[[ATTACHMENT|all-pages-verification-All-34dec-show-404-for-invalid-routes-chromium\test-failed-1.png]]

[[ATTACHMENT|all-pages-verification-All-34dec-show-404-for-invalid-routes-chromium\video.webm]]

[[ATTACHMENT|all-pages-verification-All-34dec-show-404-for-invalid-routes-chromium\error-context.md]]
]]>
</system-out>
</testcase>
<testcase name="All Pages Verification Suite › 404 Not Found Page › should show 404 for /500 route (404 trap)" classname="all-pages-verification.spec.ts" time="2.999">
</testcase>
<testcase name="All Pages Verification Suite › 404 Not Found Page › should show 404 for /403 route (404 trap)" classname="all-pages-verification.spec.ts" time="2.952">
</testcase>
<testcase name="All Pages Verification Suite › 404 Not Found Page › should have glitching text effect" classname="all-pages-verification.spec.ts" time="2.436">
</testcase>
<testcase name="All Pages Verification Suite › 404 Not Found Page › should have RETURN_TO_BASE button" classname="all-pages-verification.spec.ts" time="2.74">
</testcase>
<testcase name="All Pages Verification Suite › 404 Not Found Page › should have status bar with indicators" classname="all-pages-verification.spec.ts" time="3.245">
</testcase>
<testcase name="All Pages Verification Suite › Protected Routes › should redirect /app to /login when not authenticated" classname="all-pages-verification.spec.ts" time="3.574">
</testcase>
<testcase name="All Pages Verification Suite › Protected Routes › should redirect /call/:id to /login when not authenticated" classname="all-pages-verification.spec.ts" time="5.815">
</testcase>
<testcase name="All Pages Verification Suite › Protected Routes › should allow access to /app when authenticated" classname="all-pages-verification.spec.ts" time="4.769">
<failure message="all-pages-verification.spec.ts:312:9 should allow access to /app when authenticated" type="FAILURE">
<![CDATA[  [chromium] › all-pages-verification.spec.ts:312:9 › All Pages Verification Suite › Protected Routes › should allow access to /app when authenticated 

    Error: expect(locator).toBeVisible() failed

    Locator: locator('text=ANONYMOUS_SECURE_LINE')
    Expected: visible
    Error: strict mode violation: locator('text=ANONYMOUS_SECURE_LINE') resolved to 2 elements:
        1) <h1 class="text-xl font-bold text-[#00ff41] text-glow font-mono">[ANONYMOUS_SECURE_LINE]</h1> aka getByRole('heading', { name: '[ANONYMOUS_SECURE_LINE]' })
        2) <span>> ANONYMOUS_SECURE_LINE_v5.0 | ENCRYPTED_PROTOCOL…</span> aka getByText('> ANONYMOUS_SECURE_LINE_v5.0')

    Call log:
      - Expect "toBeVisible" with timeout 5000ms
      - waiting for locator('text=ANONYMOUS_SECURE_LINE')


      323 |       
      324 |       // Should show main app
    > 325 |       await expect(page.locator('text=ANONYMOUS_SECURE_LINE')).toBeVisible();
          |                                                                ^
      326 |     });
      327 |   });
      328 |
        at C:\Users\Administrator\Desktop\Calling App\tests\e2e\all-pages-verification.spec.ts:325:64

    attachment #1: screenshot (image/png) ──────────────────────────────────────────────────────────
    ..\..\test-results\all-pages-verification-All-b8f7e-s-to-app-when-authenticated-chromium\test-failed-1.png
    ────────────────────────────────────────────────────────────────────────────────────────────────

    attachment #2: video (video/webm) ──────────────────────────────────────────────────────────────
    ..\..\test-results\all-pages-verification-All-b8f7e-s-to-app-when-authenticated-chromium\video.webm
    ────────────────────────────────────────────────────────────────────────────────────────────────

    Error Context: ..\..\test-results\all-pages-verification-All-b8f7e-s-to-app-when-authenticated-chromium\error-context.md
]]>
</failure>
<system-out>
<![CDATA[
[[ATTACHMENT|all-pages-verification-All-b8f7e-s-to-app-when-authenticated-chromium\test-failed-1.png]]

[[ATTACHMENT|all-pages-verification-All-b8f7e-s-to-app-when-authenticated-chromium\video.webm]]

[[ATTACHMENT|all-pages-verification-All-b8f7e-s-to-app-when-authenticated-chromium\error-context.md]]
]]>
</system-out>
</testcase>
<testcase name="All Pages Verification Suite › Navigation Between Pages › should navigate from home to privacy" classname="all-pages-verification.spec.ts" time="2.411">
<failure message="all-pages-verification.spec.ts:334:9 should navigate from home to privacy" type="FAILURE">
<![CDATA[  [chromium] › all-pages-verification.spec.ts:334:9 › All Pages Verification Suite › Navigation Between Pages › should navigate from home to privacy 

    Error: expect(locator).toBeVisible() failed

    Locator: locator('text=PROTOCOL_ZERO')
    Expected: visible
    Error: strict mode violation: locator('text=PROTOCOL_ZERO') resolved to 2 elements:
        1) <h1 class="text-2xl font-bold text-[#00ff41] text-glow font-mono">[PROTOCOL_ZERO]</h1> aka getByRole('heading', { name: '[PROTOCOL_ZERO]' })
        2) <div class="text-center text-[#00ff41] font-mono text-xs opacity-50">PROTOCOL_ZERO | PRIVACY_BY_DEFAULT | ANONYMITY_BY…</div> aka getByText('PROTOCOL_ZERO |')

    Call log:
      - Expect "toBeVisible" with timeout 5000ms
      - waiting for locator('text=PROTOCOL_ZERO')


      339 |       
      340 |       await expect(page).toHaveURL('/privacy');
    > 341 |       await expect(page.locator('text=PROTOCOL_ZERO')).toBeVisible();
          |                                                        ^
      342 |     });
      343 |
      344 |     test('should navigate back using browser back button', async ({ page }) => {
        at C:\Users\Administrator\Desktop\Calling App\tests\e2e\all-pages-verification.spec.ts:341:56

    attachment #1: screenshot (image/png) ──────────────────────────────────────────────────────────
    ..\..\test-results\all-pages-verification-All-44591-vigate-from-home-to-privacy-chromium\test-failed-1.png
    ────────────────────────────────────────────────────────────────────────────────────────────────

    attachment #2: video (video/webm) ──────────────────────────────────────────────────────────────
    ..\..\test-results\all-pages-verification-All-44591-vigate-from-home-to-privacy-chromium\video.webm
    ────────────────────────────────────────────────────────────────────────────────────────────────

    Error Context: ..\..\test-results\all-pages-verification-All-44591-vigate-from-home-to-privacy-chromium\error-context.md
]]>
</failure>
<system-out>
<![CDATA[
[[ATTACHMENT|all-pages-verification-All-44591-vigate-from-home-to-privacy-chromium\test-failed-1.png]]

[[ATTACHMENT|all-pages-verification-All-44591-vigate-from-home-to-privacy-chromium\video.webm]]

[[ATTACHMENT|all-pages-verification-All-44591-vigate-from-home-to-privacy-chromium\error-context.md]]
]]>
</system-out>
</testcase>
<testcase name="All Pages Verification Suite › Navigation Between Pages › should navigate back using browser back button" classname="all-pages-verification.spec.ts" time="2.771">
</testcase>
<testcase name="All Pages Verification Suite › Navigation Between Pages › should navigate forward using browser forward button" classname="all-pages-verification.spec.ts" time="3.081">
</testcase>
<testcase name="All Pages Verification Suite › Responsive Design › should work on mobile viewport" classname="all-pages-verification.spec.ts" time="3.553">
</testcase>
<testcase name="All Pages Verification Suite › Responsive Design › should work on tablet viewport" classname="all-pages-verification.spec.ts" time="1.961">
<failure message="all-pages-verification.spec.ts:385:9 should work on tablet viewport" type="FAILURE">
<![CDATA[  [chromium] › all-pages-verification.spec.ts:385:9 › All Pages Verification Suite › Responsive Design › should work on tablet viewport 

    Error: expect(locator).toBeVisible() failed

    Locator: locator('text=PROTOCOL_ZERO')
    Expected: visible
    Error: strict mode violation: locator('text=PROTOCOL_ZERO') resolved to 2 elements:
        1) <h1 class="text-2xl font-bold text-[#00ff41] text-glow font-mono">[PROTOCOL_ZERO]</h1> aka getByRole('heading', { name: '[PROTOCOL_ZERO]' })
        2) <div class="text-center text-[#00ff41] font-mono text-xs opacity-50">PROTOCOL_ZERO | PRIVACY_BY_DEFAULT | ANONYMITY_BY…</div> aka getByText('PROTOCOL_ZERO |')

    Call log:
      - Expect "toBeVisible" with timeout 5000ms
      - waiting for locator('text=PROTOCOL_ZERO')


      387 |       await page.goto('/privacy');
      388 |       
    > 389 |       await expect(page.locator('text=PROTOCOL_ZERO')).toBeVisible();
          |                                                        ^
      390 |     });
      391 |
      392 |     test('should work on desktop viewport', async ({ page }) => {
        at C:\Users\Administrator\Desktop\Calling App\tests\e2e\all-pages-verification.spec.ts:389:56

    attachment #1: screenshot (image/png) ──────────────────────────────────────────────────────────
    ..\..\test-results\all-pages-verification-All-9b3b8-uld-work-on-tablet-viewport-chromium\test-failed-1.png
    ────────────────────────────────────────────────────────────────────────────────────────────────

    attachment #2: video (video/webm) ──────────────────────────────────────────────────────────────
    ..\..\test-results\all-pages-verification-All-9b3b8-uld-work-on-tablet-viewport-chromium\video.webm
    ────────────────────────────────────────────────────────────────────────────────────────────────

    Error Context: ..\..\test-results\all-pages-verification-All-9b3b8-uld-work-on-tablet-viewport-chromium\error-context.md
]]>
</failure>
<system-out>
<![CDATA[
[[ATTACHMENT|all-pages-verification-All-9b3b8-uld-work-on-tablet-viewport-chromium\test-failed-1.png]]

[[ATTACHMENT|all-pages-verification-All-9b3b8-uld-work-on-tablet-viewport-chromium\video.webm]]

[[ATTACHMENT|all-pages-verification-All-9b3b8-uld-work-on-tablet-viewport-chromium\error-context.md]]
]]>
</system-out>
</testcase>
<testcase name="All Pages Verification Suite › Responsive Design › should work on desktop viewport" classname="all-pages-verification.spec.ts" time="2.113">
<failure message="all-pages-verification.spec.ts:392:9 should work on desktop viewport" type="FAILURE">
<![CDATA[  [chromium] › all-pages-verification.spec.ts:392:9 › All Pages Verification Suite › Responsive Design › should work on desktop viewport 

    Error: expect(locator).toBeVisible() failed

    Locator: locator('text=PROTOCOL_ZERO')
    Expected: visible
    Error: strict mode violation: locator('text=PROTOCOL_ZERO') resolved to 2 elements:
        1) <h1 class="text-2xl font-bold text-[#00ff41] text-glow font-mono">[PROTOCOL_ZERO]</h1> aka getByRole('heading', { name: '[PROTOCOL_ZERO]' })
        2) <div class="text-center text-[#00ff41] font-mono text-xs opacity-50">PROTOCOL_ZERO | PRIVACY_BY_DEFAULT | ANONYMITY_BY…</div> aka getByText('PROTOCOL_ZERO |')

    Call log:
      - Expect "toBeVisible" with timeout 5000ms
      - waiting for locator('text=PROTOCOL_ZERO')


      394 |       await page.goto('/privacy');
      395 |       
    > 396 |       await expect(page.locator('text=PROTOCOL_ZERO')).toBeVisible();
          |                                                        ^
      397 |     });
      398 |   });
      399 |
        at C:\Users\Administrator\Desktop\Calling App\tests\e2e\all-pages-verification.spec.ts:396:56

    attachment #1: screenshot (image/png) ──────────────────────────────────────────────────────────
    ..\..\test-results\all-pages-verification-All-7a62d-ld-work-on-desktop-viewport-chromium\test-failed-1.png
    ────────────────────────────────────────────────────────────────────────────────────────────────

    attachment #2: video (video/webm) ──────────────────────────────────────────────────────────────
    ..\..\test-results\all-pages-verification-All-7a62d-ld-work-on-desktop-viewport-chromium\video.webm
    ────────────────────────────────────────────────────────────────────────────────────────────────

    Error Context: ..\..\test-results\all-pages-verification-All-7a62d-ld-work-on-desktop-viewport-chromium\error-context.md
]]>
</failure>
<system-out>
<![CDATA[
[[ATTACHMENT|all-pages-verification-All-7a62d-ld-work-on-desktop-viewport-chromium\test-failed-1.png]]

[[ATTACHMENT|all-pages-verification-All-7a62d-ld-work-on-desktop-viewport-chromium\video.webm]]

[[ATTACHMENT|all-pages-verification-All-7a62d-ld-work-on-desktop-viewport-chromium\error-context.md]]
]]>
</system-out>
</testcase>
<testcase name="All Pages Verification Suite › Accessibility › should have proper heading hierarchy on home page" classname="all-pages-verification.spec.ts" time="2.468">
</testcase>
<testcase name="All Pages Verification Suite › Accessibility › should have keyboard navigation support" classname="all-pages-verification.spec.ts" time="2.568">
<failure message="all-pages-verification.spec.ts:412:9 should have keyboard navigation support" type="FAILURE">
<![CDATA[  [chromium] › all-pages-verification.spec.ts:412:9 › All Pages Verification Suite › Accessibility › should have keyboard navigation support 

    Error: expect(received).toBe(expected) // Object.is equality

    Expected: "BUTTON"
    Received: "BODY"

      418 |       // Should be able to activate with Enter
      419 |       const focused = await page.evaluate(() => document.activeElement?.tagName);
    > 420 |       expect(focused).toBe('BUTTON');
          |                       ^
      421 |     });
      422 |
      423 |     test('should have sufficient color contrast', async ({ page }) => {
        at C:\Users\Administrator\Desktop\Calling App\tests\e2e\all-pages-verification.spec.ts:420:23

    attachment #1: screenshot (image/png) ──────────────────────────────────────────────────────────
    ..\..\test-results\all-pages-verification-All-51ca4-keyboard-navigation-support-chromium\test-failed-1.png
    ────────────────────────────────────────────────────────────────────────────────────────────────

    attachment #2: video (video/webm) ──────────────────────────────────────────────────────────────
    ..\..\test-results\all-pages-verification-All-51ca4-keyboard-navigation-support-chromium\video.webm
    ────────────────────────────────────────────────────────────────────────────────────────────────

    Error Context: ..\..\test-results\all-pages-verification-All-51ca4-keyboard-navigation-support-chromium\error-context.md
]]>
</failure>
<system-out>
<![CDATA[
[[ATTACHMENT|all-pages-verification-All-51ca4-keyboard-navigation-support-chromium\test-failed-1.png]]

[[ATTACHMENT|all-pages-verification-All-51ca4-keyboard-navigation-support-chromium\video.webm]]

[[ATTACHMENT|all-pages-verification-All-51ca4-keyboard-navigation-support-chromium\error-context.md]]
]]>
</system-out>
</testcase>
<testcase name="All Pages Verification Suite › Accessibility › should have sufficient color contrast" classname="all-pages-verification.spec.ts" time="2.008">
</testcase>
<testcase name="All Pages Verification Suite › Performance › should load home page in reasonable time" classname="all-pages-verification.spec.ts" time="3.213">
</testcase>
<testcase name="All Pages Verification Suite › Performance › should have smooth scrolling on privacy page" classname="all-pages-verification.spec.ts" time="2.002">
</testcase>
<testcase name="All Pages Verification Suite › Cyberpunk Theme Consistency › should have consistent theme across all pages" classname="all-pages-verification.spec.ts" time="5.562">
</testcase>
<testcase name="All Pages Verification Suite › Cyberpunk Theme Consistency › should have neon green color scheme" classname="all-pages-verification.spec.ts" time="2.825">
</testcase>
<testcase name="All Pages Verification Suite › Error Handling › should handle network errors gracefully" classname="all-pages-verification.spec.ts" time="1.745">
</testcase>
<testcase name="All Pages Verification Suite › Error Handling › should recover from navigation errors" classname="all-pages-verification.spec.ts" time="2.3">
<failure message="all-pages-verification.spec.ts:514:9 should recover from navigation errors" type="FAILURE">
<![CDATA[  [chromium] › all-pages-verification.spec.ts:514:9 › All Pages Verification Suite › Error Handling › should recover from navigation errors 

    Error: expect(locator).toBeVisible() failed

    Locator: locator('text=404')
    Expected: visible
    Error: strict mode violation: locator('text=404') resolved to 2 elements:
        1) <h1 class="text-8xl font-bold text-[#00ff41] text-glow font-mono tracking-[0.3em]">404</h1> aka getByRole('heading', { name: '404' })
        2) <span>ERROR_CODE: 404</span> aka getByText('ERROR_CODE:')

    Call log:
      - Expect "toBeVisible" with timeout 5000ms
      - waiting for locator('text=404')


      517 |       
      518 |       // Should show 404
    > 519 |       await expect(page.locator('text=404')).toBeVisible();
          |                                              ^
      520 |       
      521 |       // Navigate back to valid route
      522 |       await page.goto('/');
        at C:\Users\Administrator\Desktop\Calling App\tests\e2e\all-pages-verification.spec.ts:519:46

    attachment #1: screenshot (image/png) ──────────────────────────────────────────────────────────
    ..\..\test-results\all-pages-verification-All-738d3-over-from-navigation-errors-chromium\test-failed-1.png
    ────────────────────────────────────────────────────────────────────────────────────────────────

    attachment #2: video (video/webm) ──────────────────────────────────────────────────────────────
    ..\..\test-results\all-pages-verification-All-738d3-over-from-navigation-errors-chromium\video.webm
    ────────────────────────────────────────────────────────────────────────────────────────────────

    Error Context: ..\..\test-results\all-pages-verification-All-738d3-over-from-navigation-errors-chromium\error-context.md
]]>
</failure>
<system-out>
<![CDATA[
[[ATTACHMENT|all-pages-verification-All-738d3-over-from-navigation-errors-chromium\test-failed-1.png]]

[[ATTACHMENT|all-pages-verification-All-738d3-over-from-navigation-errors-chromium\video.webm]]

[[ATTACHMENT|all-pages-verification-All-738d3-over-from-navigation-errors-chromium\error-context.md]]
]]>
</system-out>
</testcase>
</testsuite>
<testsuite name="all-pages-verification.spec.ts" timestamp="2025-12-21T10:06:49.692Z" hostname="firefox" tests="40" failures="40" skipped="0" time="2.907" errors="0">
<testcase name="All Pages Verification Suite › Home Page (/) › should load home page successfully" classname="all-pages-verification.spec.ts" time="0.076">
<failure message="all-pages-verification.spec.ts:15:9 should load home page successfully" type="FAILURE">
<![CDATA[  [firefox] › all-pages-verification.spec.ts:15:9 › All Pages Verification Suite › Home Page (/) › should load home page successfully 

    Error: browser.newContext: Unknown permission: microphone
]]>
</failure>
</testcase>
<testcase name="All Pages Verification Suite › Home Page (/) › should have correct SEO meta tags" classname="all-pages-verification.spec.ts" time="0.109">
<failure message="all-pages-verification.spec.ts:26:9 should have correct SEO meta tags" type="FAILURE">
<![CDATA[  [firefox] › all-pages-verification.spec.ts:26:9 › All Pages Verification Suite › Home Page (/) › should have correct SEO meta tags 

    Error: browser.newContext: Unknown permission: microphone
]]>
</failure>
</testcase>
<testcase name="All Pages Verification Suite › Home Page (/) › should scroll properly if content overflows" classname="all-pages-verification.spec.ts" time="0.095">
<failure message="all-pages-verification.spec.ts:42:9 should scroll properly if content overflows" type="FAILURE">
<![CDATA[  [firefox] › all-pages-verification.spec.ts:42:9 › All Pages Verification Suite › Home Page (/) › should scroll properly if content overflows 

    Error: browser.newContext: Unknown permission: microphone
]]>
</failure>
</testcase>
<testcase name="All Pages Verification Suite › Home Page (/) › should have cyberpunk theme styling" classname="all-pages-verification.spec.ts" time="0.091">
<failure message="all-pages-verification.spec.ts:62:9 should have cyberpunk theme styling" type="FAILURE">
<![CDATA[  [firefox] › all-pages-verification.spec.ts:62:9 › All Pages Verification Suite › Home Page (/) › should have cyberpunk theme styling 

    Error: browser.newContext: Unknown permission: microphone
]]>
</failure>
</testcase>
<testcase name="All Pages Verification Suite › Privacy Policy Page (/privacy) › should load privacy policy page" classname="all-pages-verification.spec.ts" time="0.049">
<failure message="all-pages-verification.spec.ts:82:9 should load privacy policy page" type="FAILURE">
<![CDATA[  [firefox] › all-pages-verification.spec.ts:82:9 › All Pages Verification Suite › Privacy Policy Page (/privacy) › should load privacy policy page 

    Error: browser.newContext: Unknown permission: microphone
]]>
</failure>
</testcase>
<testcase name="All Pages Verification Suite › Privacy Policy Page (/privacy) › should have all privacy sections visible after scrolling" classname="all-pages-verification.spec.ts" time="0.085">
<failure message="all-pages-verification.spec.ts:90:9 should have all privacy sections visible after scrolling" type="FAILURE">
<![CDATA[  [firefox] › all-pages-verification.spec.ts:90:9 › All Pages Verification Suite › Privacy Policy Page (/privacy) › should have all privacy sections visible after scrolling 

    Error: browser.newContext: Unknown permission: microphone
]]>
</failure>
</testcase>
<testcase name="All Pages Verification Suite › Privacy Policy Page (/privacy) › should scroll to bottom and back to top" classname="all-pages-verification.spec.ts" time="0.046">
<failure message="all-pages-verification.spec.ts:113:9 should scroll to bottom and back to top" type="FAILURE">
<![CDATA[  [firefox] › all-pages-verification.spec.ts:113:9 › All Pages Verification Suite › Privacy Policy Page (/privacy) › should scroll to bottom and back to top 

    Error: browser.newContext: Unknown permission: microphone
]]>
</failure>
</testcase>
<testcase name="All Pages Verification Suite › Privacy Policy Page (/privacy) › should have sticky header when scrolling" classname="all-pages-verification.spec.ts" time="0.063">
<failure message="all-pages-verification.spec.ts:139:9 should have sticky header when scrolling" type="FAILURE">
<![CDATA[  [firefox] › all-pages-verification.spec.ts:139:9 › All Pages Verification Suite › Privacy Policy Page (/privacy) › should have sticky header when scrolling 

    Error: browser.newContext: Unknown permission: microphone
]]>
</failure>
</testcase>
<testcase name="All Pages Verification Suite › Privacy Policy Page (/privacy) › should navigate back to home via EXIT button" classname="all-pages-verification.spec.ts" time="0.059">
<failure message="all-pages-verification.spec.ts:150:9 should navigate back to home via EXIT button" type="FAILURE">
<![CDATA[  [firefox] › all-pages-verification.spec.ts:150:9 › All Pages Verification Suite › Privacy Policy Page (/privacy) › should navigate back to home via EXIT button 

    Error: browser.newContext: Unknown permission: microphone
]]>
</failure>
</testcase>
<testcase name="All Pages Verification Suite › Privacy Policy Page (/privacy) › should navigate back via RETURN_TO_SECURE_LINE button" classname="all-pages-verification.spec.ts" time="0.078">
<failure message="all-pages-verification.spec.ts:160:9 should navigate back via RETURN_TO_SECURE_LINE button" type="FAILURE">
<![CDATA[  [firefox] › all-pages-verification.spec.ts:160:9 › All Pages Verification Suite › Privacy Policy Page (/privacy) › should navigate back via RETURN_TO_SECURE_LINE button 

    Error: browser.newContext: Unknown permission: microphone
]]>
</failure>
</testcase>
<testcase name="All Pages Verification Suite › Privacy Policy Page (/privacy) › should have correct SEO meta tags with noindex" classname="all-pages-verification.spec.ts" time="0.084">
<failure message="all-pages-verification.spec.ts:172:9 should have correct SEO meta tags with noindex" type="FAILURE">
<![CDATA[  [firefox] › all-pages-verification.spec.ts:172:9 › All Pages Verification Suite › Privacy Policy Page (/privacy) › should have correct SEO meta tags with noindex 

    Error: browser.newContext: Unknown permission: microphone
]]>
</failure>
</testcase>
<testcase name="All Pages Verification Suite › Privacy Policy Page (/privacy) › should have custom scrollbar styling" classname="all-pages-verification.spec.ts" time="0.22">
<failure message="all-pages-verification.spec.ts:180:9 should have custom scrollbar styling" type="FAILURE">
<![CDATA[  [firefox] › all-pages-verification.spec.ts:180:9 › All Pages Verification Suite › Privacy Policy Page (/privacy) › should have custom scrollbar styling 

    Error: browser.newContext: Unknown permission: microphone
]]>
</failure>
</testcase>
<testcase name="All Pages Verification Suite › Login Page (/login) › should load unauthorized component" classname="all-pages-verification.spec.ts" time="0.042">
<failure message="all-pages-verification.spec.ts:199:9 should load unauthorized component" type="FAILURE">
<![CDATA[  [firefox] › all-pages-verification.spec.ts:199:9 › All Pages Verification Suite › Login Page (/login) › should load unauthorized component 

    Error: browser.newContext: Unknown permission: microphone
]]>
</failure>
</testcase>
<testcase name="All Pages Verification Suite › Login Page (/login) › should have AUTHENTICATE button" classname="all-pages-verification.spec.ts" time="0.055">
<failure message="all-pages-verification.spec.ts:206:9 should have AUTHENTICATE button" type="FAILURE">
<![CDATA[  [firefox] › all-pages-verification.spec.ts:206:9 › All Pages Verification Suite › Login Page (/login) › should have AUTHENTICATE button 

    Error: browser.newContext: Unknown permission: microphone
]]>
</failure>
</testcase>
<testcase name="All Pages Verification Suite › Login Page (/login) › should have blurred background effect" classname="all-pages-verification.spec.ts" time="0.061">
<failure message="all-pages-verification.spec.ts:212:9 should have blurred background effect" type="FAILURE">
<![CDATA[  [firefox] › all-pages-verification.spec.ts:212:9 › All Pages Verification Suite › Login Page (/login) › should have blurred background effect 

    Error: browser.newContext: Unknown permission: microphone
]]>
</failure>
</testcase>
<testcase name="All Pages Verification Suite › Login Page (/login) › should have noindex meta tag" classname="all-pages-verification.spec.ts" time="0.087">
<failure message="all-pages-verification.spec.ts:220:9 should have noindex meta tag" type="FAILURE">
<![CDATA[  [firefox] › all-pages-verification.spec.ts:220:9 › All Pages Verification Suite › Login Page (/login) › should have noindex meta tag 

    Error: browser.newContext: Unknown permission: microphone
]]>
</failure>
</testcase>
<testcase name="All Pages Verification Suite › 404 Not Found Page › should show 404 for invalid routes" classname="all-pages-verification.spec.ts" time="0.078">
<failure message="all-pages-verification.spec.ts:233:9 should show 404 for invalid routes" type="FAILURE">
<![CDATA[  [firefox] › all-pages-verification.spec.ts:233:9 › All Pages Verification Suite › 404 Not Found Page › should show 404 for invalid routes 

    Error: browser.newContext: Unknown permission: microphone
]]>
</failure>
</testcase>
<testcase name="All Pages Verification Suite › 404 Not Found Page › should show 404 for /500 route (404 trap)" classname="all-pages-verification.spec.ts" time="0.067">
<failure message="all-pages-verification.spec.ts:240:9 should show 404 for /500 route (404 trap)" type="FAILURE">
<![CDATA[  [firefox] › all-pages-verification.spec.ts:240:9 › All Pages Verification Suite › 404 Not Found Page › should show 404 for /500 route (404 trap) 

    Error: browser.newContext: Unknown permission: microphone
]]>
</failure>
</testcase>
<testcase name="All Pages Verification Suite › 404 Not Found Page › should show 404 for /403 route (404 trap)" classname="all-pages-verification.spec.ts" time="0.054">
<failure message="all-pages-verification.spec.ts:248:9 should show 404 for /403 route (404 trap)" type="FAILURE">
<![CDATA[  [firefox] › all-pages-verification.spec.ts:248:9 › All Pages Verification Suite › 404 Not Found Page › should show 404 for /403 route (404 trap) 

    Error: browser.newContext: Unknown permission: microphone
]]>
</failure>
</testcase>
<testcase name="All Pages Verification Suite › 404 Not Found Page › should have glitching text effect" classname="all-pages-verification.spec.ts" time="0.079">
<failure message="all-pages-verification.spec.ts:254:9 should have glitching text effect" type="FAILURE">
<![CDATA[  [firefox] › all-pages-verification.spec.ts:254:9 › All Pages Verification Suite › 404 Not Found Page › should have glitching text effect 

    Error: browser.newContext: Unknown permission: microphone
]]>
</failure>
</testcase>
<testcase name="All Pages Verification Suite › 404 Not Found Page › should have RETURN_TO_BASE button" classname="all-pages-verification.spec.ts" time="0.107">
<failure message="all-pages-verification.spec.ts:265:9 should have RETURN_TO_BASE button" type="FAILURE">
<![CDATA[  [firefox] › all-pages-verification.spec.ts:265:9 › All Pages Verification Suite › 404 Not Found Page › should have RETURN_TO_BASE button 

    Error: browser.newContext: Unknown permission: microphone
]]>
</failure>
</testcase>
<testcase name="All Pages Verification Suite › 404 Not Found Page › should have status bar with indicators" classname="all-pages-verification.spec.ts" time="0.049">
<failure message="all-pages-verification.spec.ts:276:9 should have status bar with indicators" type="FAILURE">
<![CDATA[  [firefox] › all-pages-verification.spec.ts:276:9 › All Pages Verification Suite › 404 Not Found Page › should have status bar with indicators 

    Error: browser.newContext: Unknown permission: microphone
]]>
</failure>
</testcase>
<testcase name="All Pages Verification Suite › Protected Routes › should redirect /app to /login when not authenticated" classname="all-pages-verification.spec.ts" time="0.06">
<failure message="all-pages-verification.spec.ts:289:9 should redirect /app to /login when not authenticated" type="FAILURE">
<![CDATA[  [firefox] › all-pages-verification.spec.ts:289:9 › All Pages Verification Suite › Protected Routes › should redirect /app to /login when not authenticated 

    Error: browser.newContext: Unknown permission: microphone
]]>
</failure>
</testcase>
<testcase name="All Pages Verification Suite › Protected Routes › should redirect /call/:id to /login when not authenticated" classname="all-pages-verification.spec.ts" time="0.048">
<failure message="all-pages-verification.spec.ts:302:9 should redirect /call/:id to /login when not authenticated" type="FAILURE">
<![CDATA[  [firefox] › all-pages-verification.spec.ts:302:9 › All Pages Verification Suite › Protected Routes › should redirect /call/:id to /login when not authenticated 

    Error: browser.newContext: Unknown permission: microphone
]]>
</failure>
</testcase>
<testcase name="All Pages Verification Suite › Protected Routes › should allow access to /app when authenticated" classname="all-pages-verification.spec.ts" time="0.045">
<failure message="all-pages-verification.spec.ts:312:9 should allow access to /app when authenticated" type="FAILURE">
<![CDATA[  [firefox] › all-pages-verification.spec.ts:312:9 › All Pages Verification Suite › Protected Routes › should allow access to /app when authenticated 

    Error: browser.newContext: Unknown permission: microphone
]]>
</failure>
</testcase>
<testcase name="All Pages Verification Suite › Navigation Between Pages › should navigate from home to privacy" classname="all-pages-verification.spec.ts" time="0.049">
<failure message="all-pages-verification.spec.ts:334:9 should navigate from home to privacy" type="FAILURE">
<![CDATA[  [firefox] › all-pages-verification.spec.ts:334:9 › All Pages Verification Suite › Navigation Between Pages › should navigate from home to privacy 

    Error: browser.newContext: Unknown permission: microphone
]]>
</failure>
</testcase>
<testcase name="All Pages Verification Suite › Navigation Between Pages › should navigate back using browser back button" classname="all-pages-verification.spec.ts" time="0.077">
<failure message="all-pages-verification.spec.ts:344:9 should navigate back using browser back button" type="FAILURE">
<![CDATA[  [firefox] › all-pages-verification.spec.ts:344:9 › All Pages Verification Suite › Navigation Between Pages › should navigate back using browser back button 

    Error: browser.newContext: Unknown permission: microphone
]]>
</failure>
</testcase>
<testcase name="All Pages Verification Suite › Navigation Between Pages › should navigate forward using browser forward button" classname="all-pages-verification.spec.ts" time="0.059">
<failure message="all-pages-verification.spec.ts:354:9 should navigate forward using browser forward button" type="FAILURE">
<![CDATA[  [firefox] › all-pages-verification.spec.ts:354:9 › All Pages Verification Suite › Navigation Between Pages › should navigate forward using browser forward button 

    Error: browser.newContext: Unknown permission: microphone
]]>
</failure>
</testcase>
<testcase name="All Pages Verification Suite › Responsive Design › should work on mobile viewport" classname="all-pages-verification.spec.ts" time="0.07">
<failure message="all-pages-verification.spec.ts:371:9 should work on mobile viewport" type="FAILURE">
<![CDATA[  [firefox] › all-pages-verification.spec.ts:371:9 › All Pages Verification Suite › Responsive Design › should work on mobile viewport 

    Error: browser.newContext: Unknown permission: microphone
]]>
</failure>
</testcase>
<testcase name="All Pages Verification Suite › Responsive Design › should work on tablet viewport" classname="all-pages-verification.spec.ts" time="0.07">
<failure message="all-pages-verification.spec.ts:385:9 should work on tablet viewport" type="FAILURE">
<![CDATA[  [firefox] › all-pages-verification.spec.ts:385:9 › All Pages Verification Suite › Responsive Design › should work on tablet viewport 

    Error: browser.newContext: Unknown permission: microphone
]]>
</failure>
</testcase>
<testcase name="All Pages Verification Suite › Responsive Design › should work on desktop viewport" classname="all-pages-verification.spec.ts" time="0.073">
<failure message="all-pages-verification.spec.ts:392:9 should work on desktop viewport" type="FAILURE">
<![CDATA[  [firefox] › all-pages-verification.spec.ts:392:9 › All Pages Verification Suite › Responsive Design › should work on desktop viewport 

    Error: browser.newContext: Unknown permission: microphone
]]>
</failure>
</testcase>
<testcase name="All Pages Verification Suite › Accessibility › should have proper heading hierarchy on home page" classname="all-pages-verification.spec.ts" time="0.077">
<failure message="all-pages-verification.spec.ts:405:9 should have proper heading hierarchy on home page" type="FAILURE">
<![CDATA[  [firefox] › all-pages-verification.spec.ts:405:9 › All Pages Verification Suite › Accessibility › should have proper heading hierarchy on home page 

    Error: browser.newContext: Unknown permission: microphone
]]>
</failure>
</testcase>
<testcase name="All Pages Verification Suite › Accessibility › should have keyboard navigation support" classname="all-pages-verification.spec.ts" time="0.08">
<failure message="all-pages-verification.spec.ts:412:9 should have keyboard navigation support" type="FAILURE">
<![CDATA[  [firefox] › all-pages-verification.spec.ts:412:9 › All Pages Verification Suite › Accessibility › should have keyboard navigation support 

    Error: browser.newContext: Unknown permission: microphone
]]>
</failure>
</testcase>
<testcase name="All Pages Verification Suite › Accessibility › should have sufficient color contrast" classname="all-pages-verification.spec.ts" time="0.056">
<failure message="all-pages-verification.spec.ts:423:9 should have sufficient color contrast" type="FAILURE">
<![CDATA[  [firefox] › all-pages-verification.spec.ts:423:9 › All Pages Verification Suite › Accessibility › should have sufficient color contrast 

    Error: browser.newContext: Unknown permission: microphone
]]>
</failure>
</testcase>
<testcase name="All Pages Verification Suite › Performance › should load home page in reasonable time" classname="all-pages-verification.spec.ts" time="0.061">
<failure message="all-pages-verification.spec.ts:440:9 should load home page in reasonable time" type="FAILURE">
<![CDATA[  [firefox] › all-pages-verification.spec.ts:440:9 › All Pages Verification Suite › Performance › should load home page in reasonable time 

    Error: browser.newContext: Unknown permission: microphone
]]>
</failure>
</testcase>
<testcase name="All Pages Verification Suite › Performance › should have smooth scrolling on privacy page" classname="all-pages-verification.spec.ts" time="0.06">
<failure message="all-pages-verification.spec.ts:449:9 should have smooth scrolling on privacy page" type="FAILURE">
<![CDATA[  [firefox] › all-pages-verification.spec.ts:449:9 › All Pages Verification Suite › Performance › should have smooth scrolling on privacy page 

    Error: browser.newContext: Unknown permission: microphone
]]>
</failure>
</testcase>
<testcase name="All Pages Verification Suite › Cyberpunk Theme Consistency › should have consistent theme across all pages" classname="all-pages-verification.spec.ts" time="0.047">
<failure message="all-pages-verification.spec.ts:471:9 should have consistent theme across all pages" type="FAILURE">
<![CDATA[  [firefox] › all-pages-verification.spec.ts:471:9 › All Pages Verification Suite › Cyberpunk Theme Consistency › should have consistent theme across all pages 

    Error: browser.newContext: Unknown permission: microphone
]]>
</failure>
</testcase>
<testcase name="All Pages Verification Suite › Cyberpunk Theme Consistency › should have neon green color scheme" classname="all-pages-verification.spec.ts" time="0.063">
<failure message="all-pages-verification.spec.ts:489:9 should have neon green color scheme" type="FAILURE">
<![CDATA[  [firefox] › all-pages-verification.spec.ts:489:9 › All Pages Verification Suite › Cyberpunk Theme Consistency › should have neon green color scheme 

    Error: browser.newContext: Unknown permission: microphone
]]>
</failure>
</testcase>
<testcase name="All Pages Verification Suite › Error Handling › should handle network errors gracefully" classname="all-pages-verification.spec.ts" time="0.054">
<failure message="all-pages-verification.spec.ts:503:9 should handle network errors gracefully" type="FAILURE">
<![CDATA[  [firefox] › all-pages-verification.spec.ts:503:9 › All Pages Verification Suite › Error Handling › should handle network errors gracefully 

    Error: browser.newContext: Unknown permission: microphone
]]>
</failure>
</testcase>
<testcase name="All Pages Verification Suite › Error Handling › should recover from navigation errors" classname="all-pages-verification.spec.ts" time="0.124">
<failure message="all-pages-verification.spec.ts:514:9 should recover from navigation errors" type="FAILURE">
<![CDATA[  [firefox] › all-pages-verification.spec.ts:514:9 › All Pages Verification Suite › Error Handling › should recover from navigation errors 

    Error: browser.newContext: Unknown permission: microphone
]]>
</failure>
</testcase>
</testsuite>
<testsuite name="all-pages-verification.spec.ts" timestamp="2025-12-21T10:06:49.692Z" hostname="webkit" tests="40" failures="40" skipped="0" time="10.448" errors="0">
<testcase name="All Pages Verification Suite › Home Page (/) › should load home page successfully" classname="all-pages-verification.spec.ts" time="0.545">
<failure message="all-pages-verification.spec.ts:15:9 should load home page successfully" type="FAILURE">
<![CDATA[  [webkit] › all-pages-verification.spec.ts:15:9 › All Pages Verification Suite › Home Page (/) › should load home page successfully 

    Error: browserContext.newPage: Unknown permission: microphone
]]>
</failure>
</testcase>
<testcase name="All Pages Verification Suite › Home Page (/) › should have correct SEO meta tags" classname="all-pages-verification.spec.ts" time="0.572">
<failure message="all-pages-verification.spec.ts:26:9 should have correct SEO meta tags" type="FAILURE">
<![CDATA[  [webkit] › all-pages-verification.spec.ts:26:9 › All Pages Verification Suite › Home Page (/) › should have correct SEO meta tags 

    Error: browserContext.newPage: Unknown permission: microphone
]]>
</failure>
</testcase>
<testcase name="All Pages Verification Suite › Home Page (/) › should scroll properly if content overflows" classname="all-pages-verification.spec.ts" time="0.193">
<failure message="all-pages-verification.spec.ts:42:9 should scroll properly if content overflows" type="FAILURE">
<![CDATA[  [webkit] › all-pages-verification.spec.ts:42:9 › All Pages Verification Suite › Home Page (/) › should scroll properly if content overflows 

    Error: browserContext.newPage: Unknown permission: microphone
]]>
</failure>
</testcase>
<testcase name="All Pages Verification Suite › Home Page (/) › should have cyberpunk theme styling" classname="all-pages-verification.spec.ts" time="0.266">
<failure message="all-pages-verification.spec.ts:62:9 should have cyberpunk theme styling" type="FAILURE">
<![CDATA[  [webkit] › all-pages-verification.spec.ts:62:9 › All Pages Verification Suite › Home Page (/) › should have cyberpunk theme styling 

    Error: browserContext.newPage: Unknown permission: microphone
]]>
</failure>
</testcase>
<testcase name="All Pages Verification Suite › Privacy Policy Page (/privacy) › should load privacy policy page" classname="all-pages-verification.spec.ts" time="0.269">
<failure message="all-pages-verification.spec.ts:82:9 should load privacy policy page" type="FAILURE">
<![CDATA[  [webkit] › all-pages-verification.spec.ts:82:9 › All Pages Verification Suite › Privacy Policy Page (/privacy) › should load privacy policy page 

    Error: browserContext.newPage: Unknown permission: microphone
]]>
</failure>
</testcase>
<testcase name="All Pages Verification Suite › Privacy Policy Page (/privacy) › should have all privacy sections visible after scrolling" classname="all-pages-verification.spec.ts" time="0.232">
<failure message="all-pages-verification.spec.ts:90:9 should have all privacy sections visible after scrolling" type="FAILURE">
<![CDATA[  [webkit] › all-pages-verification.spec.ts:90:9 › All Pages Verification Suite › Privacy Policy Page (/privacy) › should have all privacy sections visible after scrolling 

    Error: browserContext.newPage: Unknown permission: microphone
]]>
</failure>
</testcase>
<testcase name="All Pages Verification Suite › Privacy Policy Page (/privacy) › should scroll to bottom and back to top" classname="all-pages-verification.spec.ts" time="0.271">
<failure message="all-pages-verification.spec.ts:113:9 should scroll to bottom and back to top" type="FAILURE">
<![CDATA[  [webkit] › all-pages-verification.spec.ts:113:9 › All Pages Verification Suite › Privacy Policy Page (/privacy) › should scroll to bottom and back to top 

    Error: browserContext.newPage: Unknown permission: microphone
]]>
</failure>
</testcase>
<testcase name="All Pages Verification Suite › Privacy Policy Page (/privacy) › should have sticky header when scrolling" classname="all-pages-verification.spec.ts" time="0.188">
<failure message="all-pages-verification.spec.ts:139:9 should have sticky header when scrolling" type="FAILURE">
<![CDATA[  [webkit] › all-pages-verification.spec.ts:139:9 › All Pages Verification Suite › Privacy Policy Page (/privacy) › should have sticky header when scrolling 

    Error: browserContext.newPage: Unknown permission: microphone
]]>
</failure>
</testcase>
<testcase name="All Pages Verification Suite › Privacy Policy Page (/privacy) › should navigate back to home via EXIT button" classname="all-pages-verification.spec.ts" time="0.23">
<failure message="all-pages-verification.spec.ts:150:9 should navigate back to home via EXIT button" type="FAILURE">
<![CDATA[  [webkit] › all-pages-verification.spec.ts:150:9 › All Pages Verification Suite › Privacy Policy Page (/privacy) › should navigate back to home via EXIT button 

    Error: browserContext.newPage: Unknown permission: microphone
]]>
</failure>
</testcase>
<testcase name="All Pages Verification Suite › Privacy Policy Page (/privacy) › should navigate back via RETURN_TO_SECURE_LINE button" classname="all-pages-verification.spec.ts" time="0.318">
<failure message="all-pages-verification.spec.ts:160:9 should navigate back via RETURN_TO_SECURE_LINE button" type="FAILURE">
<![CDATA[  [webkit] › all-pages-verification.spec.ts:160:9 › All Pages Verification Suite › Privacy Policy Page (/privacy) › should navigate back via RETURN_TO_SECURE_LINE button 

    Error: browserContext.newPage: Unknown permission: microphone
]]>
</failure>
</testcase>
<testcase name="All Pages Verification Suite › Privacy Policy Page (/privacy) › should have correct SEO meta tags with noindex" classname="all-pages-verification.spec.ts" time="0.247">
<failure message="all-pages-verification.spec.ts:172:9 should have correct SEO meta tags with noindex" type="FAILURE">
<![CDATA[  [webkit] › all-pages-verification.spec.ts:172:9 › All Pages Verification Suite › Privacy Policy Page (/privacy) › should have correct SEO meta tags with noindex 

    Error: browserContext.newPage: Unknown permission: microphone
]]>
</failure>
</testcase>
<testcase name="All Pages Verification Suite › Privacy Policy Page (/privacy) › should have custom scrollbar styling" classname="all-pages-verification.spec.ts" time="0.306">
<failure message="all-pages-verification.spec.ts:180:9 should have custom scrollbar styling" type="FAILURE">
<![CDATA[  [webkit] › all-pages-verification.spec.ts:180:9 › All Pages Verification Suite › Privacy Policy Page (/privacy) › should have custom scrollbar styling 

    Error: browserContext.newPage: Unknown permission: microphone
]]>
</failure>
</testcase>
<testcase name="All Pages Verification Suite › Login Page (/login) › should load unauthorized component" classname="all-pages-verification.spec.ts" time="0.248">
<failure message="all-pages-verification.spec.ts:199:9 should load unauthorized component" type="FAILURE">
<![CDATA[  [webkit] › all-pages-verification.spec.ts:199:9 › All Pages Verification Suite › Login Page (/login) › should load unauthorized component 

    Error: browserContext.newPage: Unknown permission: microphone
]]>
</failure>
</testcase>
<testcase name="All Pages Verification Suite › Login Page (/login) › should have AUTHENTICATE button" classname="all-pages-verification.spec.ts" time="0.228">
<failure message="all-pages-verification.spec.ts:206:9 should have AUTHENTICATE button" type="FAILURE">
<![CDATA[  [webkit] › all-pages-verification.spec.ts:206:9 › All Pages Verification Suite › Login Page (/login) › should have AUTHENTICATE button 

    Error: browserContext.newPage: Unknown permission: microphone
]]>
</failure>
</testcase>
<testcase name="All Pages Verification Suite › Login Page (/login) › should have blurred background effect" classname="all-pages-verification.spec.ts" time="0.226">
<failure message="all-pages-verification.spec.ts:212:9 should have blurred background effect" type="FAILURE">
<![CDATA[  [webkit] › all-pages-verification.spec.ts:212:9 › All Pages Verification Suite › Login Page (/login) › should have blurred background effect 

    Error: browserContext.newPage: Unknown permission: microphone
]]>
</failure>
</testcase>
<testcase name="All Pages Verification Suite › Login Page (/login) › should have noindex meta tag" classname="all-pages-verification.spec.ts" time="0.197">
<failure message="all-pages-verification.spec.ts:220:9 should have noindex meta tag" type="FAILURE">
<![CDATA[  [webkit] › all-pages-verification.spec.ts:220:9 › All Pages Verification Suite › Login Page (/login) › should have noindex meta tag 

    Error: browserContext.newPage: Unknown permission: microphone
]]>
</failure>
</testcase>
<testcase name="All Pages Verification Suite › 404 Not Found Page › should show 404 for invalid routes" classname="all-pages-verification.spec.ts" time="0.207">
<failure message="all-pages-verification.spec.ts:233:9 should show 404 for invalid routes" type="FAILURE">
<![CDATA[  [webkit] › all-pages-verification.spec.ts:233:9 › All Pages Verification Suite › 404 Not Found Page › should show 404 for invalid routes 

    Error: browserContext.newPage: Unknown permission: microphone
]]>
</failure>
</testcase>
<testcase name="All Pages Verification Suite › 404 Not Found Page › should show 404 for /500 route (404 trap)" classname="all-pages-verification.spec.ts" time="0.306">
<failure message="all-pages-verification.spec.ts:240:9 should show 404 for /500 route (404 trap)" type="FAILURE">
<![CDATA[  [webkit] › all-pages-verification.spec.ts:240:9 › All Pages Verification Suite › 404 Not Found Page › should show 404 for /500 route (404 trap) 

    Error: browserContext.newPage: Unknown permission: microphone
]]>
</failure>
</testcase>
<testcase name="All Pages Verification Suite › 404 Not Found Page › should show 404 for /403 route (404 trap)" classname="all-pages-verification.spec.ts" time="0.21">
<failure message="all-pages-verification.spec.ts:248:9 should show 404 for /403 route (404 trap)" type="FAILURE">
<![CDATA[  [webkit] › all-pages-verification.spec.ts:248:9 › All Pages Verification Suite › 404 Not Found Page › should show 404 for /403 route (404 trap) 

    Error: browserContext.newPage: Unknown permission: microphone
]]>
</failure>
</testcase>
<testcase name="All Pages Verification Suite › 404 Not Found Page › should have glitching text effect" classname="all-pages-verification.spec.ts" time="0.294">
<failure message="all-pages-verification.spec.ts:254:9 should have glitching text effect" type="FAILURE">
<![CDATA[  [webkit] › all-pages-verification.spec.ts:254:9 › All Pages Verification Suite › 404 Not Found Page › should have glitching text effect 

    Error: browserContext.newPage: Unknown permission: microphone
]]>
</failure>
</testcase>
<testcase name="All Pages Verification Suite › 404 Not Found Page › should have RETURN_TO_BASE button" classname="all-pages-verification.spec.ts" time="0.209">
<failure message="all-pages-verification.spec.ts:265:9 should have RETURN_TO_BASE button" type="FAILURE">
<![CDATA[  [webkit] › all-pages-verification.spec.ts:265:9 › All Pages Verification Suite › 404 Not Found Page › should have RETURN_TO_BASE button 

    Error: browserContext.newPage: Unknown permission: microphone
]]>
</failure>
</testcase>
<testcase name="All Pages Verification Suite › 404 Not Found Page › should have status bar with indicators" classname="all-pages-verification.spec.ts" time="0.299">
<failure message="all-pages-verification.spec.ts:276:9 should have status bar with indicators" type="FAILURE">
<![CDATA[  [webkit] › all-pages-verification.spec.ts:276:9 › All Pages Verification Suite › 404 Not Found Page › should have status bar with indicators 

    Error: browserContext.newPage: Unknown permission: microphone
]]>
</failure>
</testcase>
<testcase name="All Pages Verification Suite › Protected Routes › should redirect /app to /login when not authenticated" classname="all-pages-verification.spec.ts" time="0.211">
<failure message="all-pages-verification.spec.ts:289:9 should redirect /app to /login when not authenticated" type="FAILURE">
<![CDATA[  [webkit] › all-pages-verification.spec.ts:289:9 › All Pages Verification Suite › Protected Routes › should redirect /app to /login when not authenticated 

    Error: browserContext.newPage: Unknown permission: microphone
]]>
</failure>
</testcase>
<testcase name="All Pages Verification Suite › Protected Routes › should redirect /call/:id to /login when not authenticated" classname="all-pages-verification.spec.ts" time="0.267">
<failure message="all-pages-verification.spec.ts:302:9 should redirect /call/:id to /login when not authenticated" type="FAILURE">
<![CDATA[  [webkit] › all-pages-verification.spec.ts:302:9 › All Pages Verification Suite › Protected Routes › should redirect /call/:id to /login when not authenticated 

    Error: browserContext.newPage: Unknown permission: microphone
]]>
</failure>
</testcase>
<testcase name="All Pages Verification Suite › Protected Routes › should allow access to /app when authenticated" classname="all-pages-verification.spec.ts" time="0.241">
<failure message="all-pages-verification.spec.ts:312:9 should allow access to /app when authenticated" type="FAILURE">
<![CDATA[  [webkit] › all-pages-verification.spec.ts:312:9 › All Pages Verification Suite › Protected Routes › should allow access to /app when authenticated 

    Error: browserContext.newPage: Unknown permission: microphone
]]>
</failure>
</testcase>
<testcase name="All Pages Verification Suite › Navigation Between Pages › should navigate from home to privacy" classname="all-pages-verification.spec.ts" time="0.213">
<failure message="all-pages-verification.spec.ts:334:9 should navigate from home to privacy" type="FAILURE">
<![CDATA[  [webkit] › all-pages-verification.spec.ts:334:9 › All Pages Verification Suite › Navigation Between Pages › should navigate from home to privacy 

    Error: browserContext.newPage: Unknown permission: microphone
]]>
</failure>
</testcase>
<testcase name="All Pages Verification Suite › Navigation Between Pages › should navigate back using browser back button" classname="all-pages-verification.spec.ts" time="0.225">
<failure message="all-pages-verification.spec.ts:344:9 should navigate back using browser back button" type="FAILURE">
<![CDATA[  [webkit] › all-pages-verification.spec.ts:344:9 › All Pages Verification Suite › Navigation Between Pages › should navigate back using browser back button 

    Error: browserContext.newPage: Unknown permission: microphone
]]>
</failure>
</testcase>
<testcase name="All Pages Verification Suite › Navigation Between Pages › should navigate forward using browser forward button" classname="all-pages-verification.spec.ts" time="0.252">
<failure message="all-pages-verification.spec.ts:354:9 should navigate forward using browser forward button" type="FAILURE">
<![CDATA[  [webkit] › all-pages-verification.spec.ts:354:9 › All Pages Verification Suite › Navigation Between Pages › should navigate forward using browser forward button 

    Error: browserContext.newPage: Unknown permission: microphone
]]>
</failure>
</testcase>
<testcase name="All Pages Verification Suite › Responsive Design › should work on mobile viewport" classname="all-pages-verification.spec.ts" time="0.227">
<failure message="all-pages-verification.spec.ts:371:9 should work on mobile viewport" type="FAILURE">
<![CDATA[  [webkit] › all-pages-verification.spec.ts:371:9 › All Pages Verification Suite › Responsive Design › should work on mobile viewport 

    Error: browserContext.newPage: Unknown permission: microphone
]]>
</failure>
</testcase>
<testcase name="All Pages Verification Suite › Responsive Design › should work on tablet viewport" classname="all-pages-verification.spec.ts" time="0.271">
<failure message="all-pages-verification.spec.ts:385:9 should work on tablet viewport" type="FAILURE">
<![CDATA[  [webkit] › all-pages-verification.spec.ts:385:9 › All Pages Verification Suite › Responsive Design › should work on tablet viewport 

    Error: browserContext.newPage: Unknown permission: microphone
]]>
</failure>
</testcase>
<testcase name="All Pages Verification Suite › Responsive Design › should work on desktop viewport" classname="all-pages-verification.spec.ts" time="0.202">
<failure message="all-pages-verification.spec.ts:392:9 should work on desktop viewport" type="FAILURE">
<![CDATA[  [webkit] › all-pages-verification.spec.ts:392:9 › All Pages Verification Suite › Responsive Design › should work on desktop viewport 

    Error: browserContext.newPage: Unknown permission: microphone
]]>
</failure>
</testcase>
<testcase name="All Pages Verification Suite › Accessibility › should have proper heading hierarchy on home page" classname="all-pages-verification.spec.ts" time="0.188">
<failure message="all-pages-verification.spec.ts:405:9 should have proper heading hierarchy on home page" type="FAILURE">
<![CDATA[  [webkit] › all-pages-verification.spec.ts:405:9 › All Pages Verification Suite › Accessibility › should have proper heading hierarchy on home page 

    Error: browserContext.newPage: Unknown permission: microphone
]]>
</failure>
</testcase>
<testcase name="All Pages Verification Suite › Accessibility › should have keyboard navigation support" classname="all-pages-verification.spec.ts" time="0.251">
<failure message="all-pages-verification.spec.ts:412:9 should have keyboard navigation support" type="FAILURE">
<![CDATA[  [webkit] › all-pages-verification.spec.ts:412:9 › All Pages Verification Suite › Accessibility › should have keyboard navigation support 

    Error: browserContext.newPage: Unknown permission: microphone
]]>
</failure>
</testcase>
<testcase name="All Pages Verification Suite › Accessibility › should have sufficient color contrast" classname="all-pages-verification.spec.ts" time="0.298">
<failure message="all-pages-verification.spec.ts:423:9 should have sufficient color contrast" type="FAILURE">
<![CDATA[  [webkit] › all-pages-verification.spec.ts:423:9 › All Pages Verification Suite › Accessibility › should have sufficient color contrast 

    Error: browserContext.newPage: Unknown permission: microphone
]]>
</failure>
</testcase>
<testcase name="All Pages Verification Suite › Performance › should load home page in reasonable time" classname="all-pages-verification.spec.ts" time="0.198">
<failure message="all-pages-verification.spec.ts:440:9 should load home page in reasonable time" type="FAILURE">
<![CDATA[  [webkit] › all-pages-verification.spec.ts:440:9 › All Pages Verification Suite › Performance › should load home page in reasonable time 

    Error: browserContext.newPage: Unknown permission: microphone
]]>
</failure>
</testcase>
<testcase name="All Pages Verification Suite › Performance › should have smooth scrolling on privacy page" classname="all-pages-verification.spec.ts" time="0.291">
<failure message="all-pages-verification.spec.ts:449:9 should have smooth scrolling on privacy page" type="FAILURE">
<![CDATA[  [webkit] › all-pages-verification.spec.ts:449:9 › All Pages Verification Suite › Performance › should have smooth scrolling on privacy page 

    Error: browserContext.newPage: Unknown permission: microphone
]]>
</failure>
</testcase>
<testcase name="All Pages Verification Suite › Cyberpunk Theme Consistency › should have consistent theme across all pages" classname="all-pages-verification.spec.ts" time="0.223">
<failure message="all-pages-verification.spec.ts:471:9 should have consistent theme across all pages" type="FAILURE">
<![CDATA[  [webkit] › all-pages-verification.spec.ts:471:9 › All Pages Verification Suite › Cyberpunk Theme Consistency › should have consistent theme across all pages 

    Error: browserContext.newPage: Unknown permission: microphone
]]>
</failure>
</testcase>
<testcase name="All Pages Verification Suite › Cyberpunk Theme Consistency › should have neon green color scheme" classname="all-pages-verification.spec.ts" time="0.234">
<failure message="all-pages-verification.spec.ts:489:9 should have neon green color scheme" type="FAILURE">
<![CDATA[  [webkit] › all-pages-verification.spec.ts:489:9 › All Pages Verification Suite › Cyberpunk Theme Consistency › should have neon green color scheme 

    Error: browserContext.newPage: Unknown permission: microphone
]]>
</failure>
</testcase>
<testcase name="All Pages Verification Suite › Error Handling › should handle network errors gracefully" classname="all-pages-verification.spec.ts" time="0.35">
<failure message="all-pages-verification.spec.ts:503:9 should handle network errors gracefully" type="FAILURE">
<![CDATA[  [webkit] › all-pages-verification.spec.ts:503:9 › All Pages Verification Suite › Error Handling › should handle network errors gracefully 

    Error: browserContext.newPage: Unknown permission: microphone
]]>
</failure>
</testcase>
<testcase name="All Pages Verification Suite › Error Handling › should recover from navigation errors" classname="all-pages-verification.spec.ts" time="0.245">
<failure message="all-pages-verification.spec.ts:514:9 should recover from navigation errors" type="FAILURE">
<![CDATA[  [webkit] › all-pages-verification.spec.ts:514:9 › All Pages Verification Suite › Error Handling › should recover from navigation errors 

    Error: browserContext.newPage: Unknown permission: microphone
]]>
</failure>
</testcase>
</testsuite>
<testsuite name="all-pages-verification.spec.ts" timestamp="2025-12-21T10:06:49.692Z" hostname="Mobile Chrome" tests="40" failures="10" skipped="0" time="132.606" errors="0">
<testcase name="All Pages Verification Suite › Home Page (/) › should load home page successfully" classname="all-pages-verification.spec.ts" time="3.308">
<failure message="all-pages-verification.spec.ts:15:9 should load home page successfully" type="FAILURE">
<![CDATA[  [Mobile Chrome] › all-pages-verification.spec.ts:15:9 › All Pages Verification Suite › Home Page (/) › should load home page successfully 

    Error: expect(locator).toBeVisible() failed

    Locator: locator('text=ANONYMOUS_SECURE_LINE')
    Expected: visible
    Error: strict mode violation: locator('text=ANONYMOUS_SECURE_LINE') resolved to 2 elements:
        1) <h1 class="text-xl font-bold text-[#00ff41] text-glow font-mono">[ANONYMOUS_SECURE_LINE]</h1> aka getByRole('heading', { name: '[ANONYMOUS_SECURE_LINE]' })
        2) <span>> ANONYMOUS_SECURE_LINE_v5.0 | ENCRYPTED_PROTOCOL…</span> aka getByText('> ANONYMOUS_SECURE_LINE_v5.0')

    Call log:
      - Expect "toBeVisible" with timeout 5000ms
      - waiting for locator('text=ANONYMOUS_SECURE_LINE')


      20 |       
      21 |       // Verify main elements present
    > 22 |       await expect(page.locator('text=ANONYMOUS_SECURE_LINE')).toBeVisible();
         |                                                                ^
      23 |       await expect(page.locator('text=SECURITY_KEYPAD')).toBeVisible();
      24 |     });
      25 |
        at C:\Users\Administrator\Desktop\Calling App\tests\e2e\all-pages-verification.spec.ts:22:64

    attachment #1: screenshot (image/png) ──────────────────────────────────────────────────────────
    ..\..\test-results\all-pages-verification-All-b0ce1-load-home-page-successfully-Mobile-Chrome\test-failed-1.png
    ────────────────────────────────────────────────────────────────────────────────────────────────

    attachment #2: video (video/webm) ──────────────────────────────────────────────────────────────
    ..\..\test-results\all-pages-verification-All-b0ce1-load-home-page-successfully-Mobile-Chrome\video.webm
    ────────────────────────────────────────────────────────────────────────────────────────────────

    Error Context: ..\..\test-results\all-pages-verification-All-b0ce1-load-home-page-successfully-Mobile-Chrome\error-context.md
]]>
</failure>
<system-out>
<![CDATA[
[[ATTACHMENT|all-pages-verification-All-b0ce1-load-home-page-successfully-Mobile-Chrome\test-failed-1.png]]

[[ATTACHMENT|all-pages-verification-All-b0ce1-load-home-page-successfully-Mobile-Chrome\video.webm]]

[[ATTACHMENT|all-pages-verification-All-b0ce1-load-home-page-successfully-Mobile-Chrome\error-context.md]]
]]>
</system-out>
</testcase>
<testcase name="All Pages Verification Suite › Home Page (/) › should have correct SEO meta tags" classname="all-pages-verification.spec.ts" time="2.975">
<failure message="all-pages-verification.spec.ts:26:9 should have correct SEO meta tags" type="FAILURE">
<![CDATA[  [Mobile Chrome] › all-pages-verification.spec.ts:26:9 › All Pages Verification Suite › Home Page (/) › should have correct SEO meta tags 

    Error: locator.getAttribute: Error: strict mode violation: locator('meta[name="description"]') resolved to 2 elements:
        1) <meta name="description" content="Secure and Anonymous Audio Calling System"/> aka locator('meta[name="description"]').first()
        2) <meta data-rh="true" name="description" content="Encrypted peer-to-peer voice calls with zero logs. No registration, no tracking, complete anonymity. WebRTC-powered secure communication platform."/> aka locator('meta[name="description"]').nth(1)

    Call log:
      - waiting for locator('meta[name="description"]')


      32 |       
      33 |       // Check meta description
    > 34 |       const description = await page.locator('meta[name="description"]').getAttribute('content');
         |                                                                          ^
      35 |       expect(description).toContain('Encrypted peer-to-peer');
      36 |       
      37 |       // Check Open Graph tags
        at C:\Users\Administrator\Desktop\Calling App\tests\e2e\all-pages-verification.spec.ts:34:74

    attachment #1: screenshot (image/png) ──────────────────────────────────────────────────────────
    ..\..\test-results\all-pages-verification-All-286f0--have-correct-SEO-meta-tags-Mobile-Chrome\test-failed-1.png
    ────────────────────────────────────────────────────────────────────────────────────────────────

    attachment #2: video (video/webm) ──────────────────────────────────────────────────────────────
    ..\..\test-results\all-pages-verification-All-286f0--have-correct-SEO-meta-tags-Mobile-Chrome\video.webm
    ────────────────────────────────────────────────────────────────────────────────────────────────

    Error Context: ..\..\test-results\all-pages-verification-All-286f0--have-correct-SEO-meta-tags-Mobile-Chrome\error-context.md
]]>
</failure>
<system-out>
<![CDATA[
[[ATTACHMENT|all-pages-verification-All-286f0--have-correct-SEO-meta-tags-Mobile-Chrome\test-failed-1.png]]

[[ATTACHMENT|all-pages-verification-All-286f0--have-correct-SEO-meta-tags-Mobile-Chrome\video.webm]]

[[ATTACHMENT|all-pages-verification-All-286f0--have-correct-SEO-meta-tags-Mobile-Chrome\error-context.md]]
]]>
</system-out>
</testcase>
<testcase name="All Pages Verification Suite › Home Page (/) › should scroll properly if content overflows" classname="all-pages-verification.spec.ts" time="2.949">
</testcase>
<testcase name="All Pages Verification Suite › Home Page (/) › should have cyberpunk theme styling" classname="all-pages-verification.spec.ts" time="3.103">
</testcase>
<testcase name="All Pages Verification Suite › Privacy Policy Page (/privacy) › should load privacy policy page" classname="all-pages-verification.spec.ts" time="2.779">
<failure message="all-pages-verification.spec.ts:82:9 should load privacy policy page" type="FAILURE">
<![CDATA[  [Mobile Chrome] › all-pages-verification.spec.ts:82:9 › All Pages Verification Suite › Privacy Policy Page (/privacy) › should load privacy policy page 

    Error: expect(locator).toBeVisible() failed

[...]
<failure message="all-pages-verification.spec.ts:62:9 should have cyberpunk theme styling" type="FAILURE">
<![CDATA[  [Mobile Safari] › all-pages-verification.spec.ts:62:9 › All Pages Verification Suite › Home Page (/) › should have cyberpunk theme styling 

    Error: browserContext.newPage: Unknown permission: microphone
]]>
</failure>
</testcase>
<testcase name="All Pages Verification Suite › Privacy Policy Page (/privacy) › should load privacy policy page" classname="all-pages-verification.spec.ts" time="0.243">
<failure message="all-pages-verification.spec.ts:82:9 should load privacy policy page" type="FAILURE">
<![CDATA[  [Mobile Safari] › all-pages-verification.spec.ts:82:9 › All Pages Verification Suite › Privacy Policy Page (/privacy) › should load privacy policy page 

    Error: browserContext.newPage: Unknown permission: microphone
]]>
</failure>
</testcase>
<testcase name="All Pages Verification Suite › Privacy Policy Page (/privacy) › should have all privacy sections visible after scrolling" classname="all-pages-verification.spec.ts" time="0.183">
<failure message="all-pages-verification.spec.ts:90:9 should have all privacy sections visible after scrolling" type="FAILURE">
<![CDATA[  [Mobile Safari] › all-pages-verification.spec.ts:90:9 › All Pages Verification Suite › Privacy Policy Page (/privacy) › should have all privacy sections visible after scrolling 

    Error: browserContext.newPage: Unknown permission: microphone
]]>
</failure>
</testcase>
<testcase name="All Pages Verification Suite › Privacy Policy Page (/privacy) › should scroll to bottom and back to top" classname="all-pages-verification.spec.ts" time="0.174">
<failure message="all-pages-verification.spec.ts:113:9 should scroll to bottom and back to top" type="FAILURE">
<![CDATA[  [Mobile Safari] › all-pages-verification.spec.ts:113:9 › All Pages Verification Suite › Privacy Policy Page (/privacy) › should scroll to bottom and back to top 

    Error: browserContext.newPage: Unknown permission: microphone
]]>
</failure>
</testcase>
<testcase name="All Pages Verification Suite › Privacy Policy Page (/privacy) › should have sticky header when scrolling" classname="all-pages-verification.spec.ts" time="0.196">
<failure message="all-pages-verification.spec.ts:139:9 should have sticky header when scrolling" type="FAILURE">
<![CDATA[  [Mobile Safari] › all-pages-verification.spec.ts:139:9 › All Pages Verification Suite › Privacy Policy Page (/privacy) › should have sticky header when scrolling 

    Error: browserContext.newPage: Unknown permission: microphone
]]>
</failure>
</testcase>
<testcase name="All Pages Verification Suite › Privacy Policy Page (/privacy) › should navigate back to home via EXIT button" classname="all-pages-verification.spec.ts" time="0.258">
<failure message="all-pages-verification.spec.ts:150:9 should navigate back to home via EXIT button" type="FAILURE">
<![CDATA[  [Mobile Safari] › all-pages-verification.spec.ts:150:9 › All Pages Verification Suite › Privacy Policy Page (/privacy) › should navigate back to home via EXIT button 

    Error: browserContext.newPage: Unknown permission: microphone
]]>
</failure>
</testcase>
<testcase name="All Pages Verification Suite › Privacy Policy Page (/privacy) › should navigate back via RETURN_TO_SECURE_LINE button" classname="all-pages-verification.spec.ts" time="0.185">
<failure message="all-pages-verification.spec.ts:160:9 should navigate back via RETURN_TO_SECURE_LINE button" type="FAILURE">
<![CDATA[  [Mobile Safari] › all-pages-verification.spec.ts:160:9 › All Pages Verification Suite › Privacy Policy Page (/privacy) › should navigate back via RETURN_TO_SECURE_LINE button 

    Error: browserContext.newPage: Unknown permission: microphone
]]>
</failure>
</testcase>
<testcase name="All Pages Verification Suite › Privacy Policy Page (/privacy) › should have correct SEO meta tags with noindex" classname="all-pages-verification.spec.ts" time="0.235">
<failure message="all-pages-verification.spec.ts:172:9 should have correct SEO meta tags with noindex" type="FAILURE">
<![CDATA[  [Mobile Safari] › all-pages-verification.spec.ts:172:9 › All Pages Verification Suite › Privacy Policy Page (/privacy) › should have correct SEO meta tags with noindex 

    Error: browserContext.newPage: Unknown permission: microphone
]]>
</failure>
</testcase>
<testcase name="All Pages Verification Suite › Privacy Policy Page (/privacy) › should have custom scrollbar styling" classname="all-pages-verification.spec.ts" time="0.226">
<failure message="all-pages-verification.spec.ts:180:9 should have custom scrollbar styling" type="FAILURE">
<![CDATA[  [Mobile Safari] › all-pages-verification.spec.ts:180:9 › All Pages Verification Suite › Privacy Policy Page (/privacy) › should have custom scrollbar styling 

    Error: browserContext.newPage: Unknown permission: microphone
]]>
</failure>
</testcase>
<testcase name="All Pages Verification Suite › Login Page (/login) › should load unauthorized component" classname="all-pages-verification.spec.ts" time="0.23">
<failure message="all-pages-verification.spec.ts:199:9 should load unauthorized component" type="FAILURE">
<![CDATA[  [Mobile Safari] › all-pages-verification.spec.ts:199:9 › All Pages Verification Suite › Login Page (/login) › should load unauthorized component 

    Error: browserContext.newPage: Unknown permission: microphone
]]>
</failure>
</testcase>
<testcase name="All Pages Verification Suite › Login Page (/login) › should have AUTHENTICATE button" classname="all-pages-verification.spec.ts" time="0.208">
<failure message="all-pages-verification.spec.ts:206:9 should have AUTHENTICATE button" type="FAILURE">
<![CDATA[  [Mobile Safari] › all-pages-verification.spec.ts:206:9 › All Pages Verification Suite › Login Page (/login) › should have AUTHENTICATE button 

    Error: browserContext.newPage: Unknown permission: microphone
]]>
</failure>
</testcase>
<testcase name="All Pages Verification Suite › Login Page (/login) › should have blurred background effect" classname="all-pages-verification.spec.ts" time="0.191">
<failure message="all-pages-verification.spec.ts:212:9 should have blurred background effect" type="FAILURE">
<![CDATA[  [Mobile Safari] › all-pages-verification.spec.ts:212:9 › All Pages Verification Suite › Login Page (/login) › should have blurred background effect 

    Error: browserContext.newPage: Unknown permission: microphone
]]>
</failure>
</testcase>
<testcase name="All Pages Verification Suite › Login Page (/login) › should have noindex meta tag" classname="all-pages-verification.spec.ts" time="0.169">
<failure message="all-pages-verification.spec.ts:220:9 should have noindex meta tag" type="FAILURE">
<![CDATA[  [Mobile Safari] › all-pages-verification.spec.ts:220:9 › All Pages Verification Suite › Login Page (/login) › should have noindex meta tag 

    Error: browserContext.newPage: Unknown permission: microphone
]]>
</failure>
</testcase>
<testcase name="All Pages Verification Suite › 404 Not Found Page › should show 404 for invalid routes" classname="all-pages-verification.spec.ts" time="0.266">
<failure message="all-pages-verification.spec.ts:233:9 should show 404 for invalid routes" type="FAILURE">
<![CDATA[  [Mobile Safari] › all-pages-verification.spec.ts:233:9 › All Pages Verification Suite › 404 Not Found Page › should show 404 for invalid routes 

    Error: browserContext.newPage: Unknown permission: microphone
]]>
</failure>
</testcase>
<testcase name="All Pages Verification Suite › 404 Not Found Page › should show 404 for /500 route (404 trap)" classname="all-pages-verification.spec.ts" time="0.171">
<failure message="all-pages-verification.spec.ts:240:9 should show 404 for /500 route (404 trap)" type="FAILURE">
<![CDATA[  [Mobile Safari] › all-pages-verification.spec.ts:240:9 › All Pages Verification Suite › 404 Not Found Page › should show 404 for /500 route (404 trap) 

    Error: browserContext.newPage: Unknown permission: microphone
]]>
</failure>
</testcase>
<testcase name="All Pages Verification Suite › 404 Not Found Page › should show 404 for /403 route (404 trap)" classname="all-pages-verification.spec.ts" time="0.205">
<failure message="all-pages-verification.spec.ts:248:9 should show 404 for /403 route (404 trap)" type="FAILURE">
<![CDATA[  [Mobile Safari] › all-pages-verification.spec.ts:248:9 › All Pages Verification Suite › 404 Not Found Page › should show 404 for /403 route (404 trap) 

    Error: browserContext.newPage: Unknown permission: microphone
]]>
</failure>
</testcase>
<testcase name="All Pages Verification Suite › 404 Not Found Page › should have glitching text effect" classname="all-pages-verification.spec.ts" time="0.219">
<failure message="all-pages-verification.spec.ts:254:9 should have glitching text effect" type="FAILURE">
<![CDATA[  [Mobile Safari] › all-pages-verification.spec.ts:254:9 › All Pages Verification Suite › 404 Not Found Page › should have glitching text effect 

    Error: browserContext.newPage: Unknown permission: microphone
]]>
</failure>
</testcase>
<testcase name="All Pages Verification Suite › 404 Not Found Page › should have RETURN_TO_BASE button" classname="all-pages-verification.spec.ts" time="0.214">
<failure message="all-pages-verification.spec.ts:265:9 should have RETURN_TO_BASE button" type="FAILURE">
<![CDATA[  [Mobile Safari] › all-pages-verification.spec.ts:265:9 › All Pages Verification Suite › 404 Not Found Page › should have RETURN_TO_BASE button 

    Error: browserContext.newPage: Unknown permission: microphone
]]>
</failure>
</testcase>
<testcase name="All Pages Verification Suite › 404 Not Found Page › should have status bar with indicators" classname="all-pages-verification.spec.ts" time="0.177">
<failure message="all-pages-verification.spec.ts:276:9 should have status bar with indicators" type="FAILURE">
<![CDATA[  [Mobile Safari] › all-pages-verification.spec.ts:276:9 › All Pages Verification Suite › 404 Not Found Page › should have status bar with indicators 

    Error: browserContext.newPage: Unknown permission: microphone
]]>
</failure>
</testcase>
<testcase name="All Pages Verification Suite › Protected Routes › should redirect /app to /login when not authenticated" classname="all-pages-verification.spec.ts" time="0.196">
<failure message="all-pages-verification.spec.ts:289:9 should redirect /app to /login when not authenticated" type="FAILURE">
<![CDATA[  [Mobile Safari] › all-pages-verification.spec.ts:289:9 › All Pages Verification Suite › Protected Routes › should redirect /app to /login when not authenticated 

    Error: browserContext.newPage: Unknown permission: microphone
]]>
</failure>
</testcase>
<testcase name="All Pages Verification Suite › Protected Routes › should redirect /call/:id to /login when not authenticated" classname="all-pages-verification.spec.ts" time="0.18">
<failure message="all-pages-verification.spec.ts:302:9 should redirect /call/:id to /login when not authenticated" type="FAILURE">
<![CDATA[  [Mobile Safari] › all-pages-verification.spec.ts:302:9 › All Pages Verification Suite › Protected Routes › should redirect /call/:id to /login when not authenticated 

    Error: browserContext.newPage: Unknown permission: microphone
]]>
</failure>
</testcase>
<testcase name="All Pages Verification Suite › Protected Routes › should allow access to /app when authenticated" classname="all-pages-verification.spec.ts" time="0.255">
<failure message="all-pages-verification.spec.ts:312:9 should allow access to /app when authenticated" type="FAILURE">
<![CDATA[  [Mobile Safari] › all-pages-verification.spec.ts:312:9 › All Pages Verification Suite › Protected Routes › should allow access to /app when authenticated 

    Error: browserContext.newPage: Unknown permission: microphone
]]>
</failure>
</testcase>
<testcase name="All Pages Verification Suite › Navigation Between Pages › should navigate from home to privacy" classname="all-pages-verification.spec.ts" time="0.173">
<failure message="all-pages-verification.spec.ts:334:9 should navigate from home to privacy" type="FAILURE">
<![CDATA[  [Mobile Safari] › all-pages-verification.spec.ts:334:9 › All Pages Verification Suite › Navigation Between Pages › should navigate from home to privacy 

    Error: browserContext.newPage: Unknown permission: microphone
]]>
</failure>
</testcase>
<testcase name="All Pages Verification Suite › Navigation Between Pages › should navigate back using browser back button" classname="all-pages-verification.spec.ts" time="0.197">
<failure message="all-pages-verification.spec.ts:344:9 should navigate back using browser back button" type="FAILURE">
<![CDATA[  [Mobile Safari] › all-pages-verification.spec.ts:344:9 › All Pages Verification Suite › Navigation Between Pages › should navigate back using browser back button 

    Error: browserContext.newPage: Unknown permission: microphone
]]>
</failure>
</testcase>
<testcase name="All Pages Verification Suite › Navigation Between Pages › should navigate forward using browser forward button" classname="all-pages-verification.spec.ts" time="0.195">
<failure message="all-pages-verification.spec.ts:354:9 should navigate forward using browser forward button" type="FAILURE">
<![CDATA[  [Mobile Safari] › all-pages-verification.spec.ts:354:9 › All Pages Verification Suite › Navigation Between Pages › should navigate forward using browser forward button 

    Error: browserContext.newPage: Unknown permission: microphone
]]>
</failure>
</testcase>
<testcase name="All Pages Verification Suite › Responsive Design › should work on mobile viewport" classname="all-pages-verification.spec.ts" time="0.185">
<failure message="all-pages-verification.spec.ts:371:9 should work on mobile viewport" type="FAILURE">
<![CDATA[  [Mobile Safari] › all-pages-verification.spec.ts:371:9 › All Pages Verification Suite › Responsive Design › should work on mobile viewport 

    Error: browserContext.newPage: Unknown permission: microphone
]]>
</failure>
</testcase>
<testcase name="All Pages Verification Suite › Responsive Design › should work on tablet viewport" classname="all-pages-verification.spec.ts" time="0.204">
<failure message="all-pages-verification.spec.ts:385:9 should work on tablet viewport" type="FAILURE">
<![CDATA[  [Mobile Safari] › all-pages-verification.spec.ts:385:9 › All Pages Verification Suite › Responsive Design › should work on tablet viewport 

    Error: browserContext.newPage: Unknown permission: microphone
]]>
</failure>
</testcase>
<testcase name="All Pages Verification Suite › Responsive Design › should work on desktop viewport" classname="all-pages-verification.spec.ts" time="0.169">
<failure message="all-pages-verification.spec.ts:392:9 should work on desktop viewport" type="FAILURE">
<![CDATA[  [Mobile Safari] › all-pages-verification.spec.ts:392:9 › All Pages Verification Suite › Responsive Design › should work on desktop viewport 

    Error: browserContext.newPage: Unknown permission: microphone
]]>
</failure>
</testcase>
<testcase name="All Pages Verification Suite › Accessibility › should have proper heading hierarchy on home page" classname="all-pages-verification.spec.ts" time="0.199">
<failure message="all-pages-verification.spec.ts:405:9 should have proper heading hierarchy on home page" type="FAILURE">
<![CDATA[  [Mobile Safari] › all-pages-verification.spec.ts:405:9 › All Pages Verification Suite › Accessibility › should have proper heading hierarchy on home page 

    Error: browserContext.newPage: Unknown permission: microphone
]]>
</failure>
</testcase>
<testcase name="All Pages Verification Suite › Accessibility › should have keyboard navigation support" classname="all-pages-verification.spec.ts" time="0.239">
<failure message="all-pages-verification.spec.ts:412:9 should have keyboard navigation support" type="FAILURE">
<![CDATA[  [Mobile Safari] › all-pages-verification.spec.ts:412:9 › All Pages Verification Suite › Accessibility › should have keyboard navigation support 

    Error: browserContext.newPage: Unknown permission: microphone
]]>
</failure>
</testcase>
<testcase name="All Pages Verification Suite › Accessibility › should have sufficient color contrast" classname="all-pages-verification.spec.ts" time="0.163">
<failure message="all-pages-verification.spec.ts:423:9 should have sufficient color contrast" type="FAILURE">
<![CDATA[  [Mobile Safari] › all-pages-verification.spec.ts:423:9 › All Pages Verification Suite › Accessibility › should have sufficient color contrast 

    Error: browserContext.newPage: Unknown permission: microphone
]]>
</failure>
</testcase>
<testcase name="All Pages Verification Suite › Performance › should load home page in reasonable time" classname="all-pages-verification.spec.ts" time="0.248">
<failure message="all-pages-verification.spec.ts:440:9 should load home page in reasonable time" type="FAILURE">
<![CDATA[  [Mobile Safari] › all-pages-verification.spec.ts:440:9 › All Pages Verification Suite › Performance › should load home page in reasonable time 

    Error: browserContext.newPage: Unknown permission: microphone
]]>
</failure>
</testcase>
<testcase name="All Pages Verification Suite › Performance › should have smooth scrolling on privacy page" classname="all-pages-verification.spec.ts" time="0.217">
<failure message="all-pages-verification.spec.ts:449:9 should have smooth scrolling on privacy page" type="FAILURE">
<![CDATA[  [Mobile Safari] › all-pages-verification.spec.ts:449:9 › All Pages Verification Suite › Performance › should have smooth scrolling on privacy page 

    Error: browserContext.newPage: Unknown permission: microphone
]]>
</failure>
</testcase>
<testcase name="All Pages Verification Suite › Cyberpunk Theme Consistency › should have consistent theme across all pages" classname="all-pages-verification.spec.ts" time="0.218">
<failure message="all-pages-verification.spec.ts:471:9 should have consistent theme across all pages" type="FAILURE">
<![CDATA[  [Mobile Safari] › all-pages-verification.spec.ts:471:9 › All Pages Verification Suite › Cyberpunk Theme Consistency › should have consistent theme across all pages 

    Error: browserContext.newPage: Unknown permission: microphone
]]>
</failure>
</testcase>
<testcase name="All Pages Verification Suite › Cyberpunk Theme Consistency › should have neon green color scheme" classname="all-pages-verification.spec.ts" time="0.159">
<failure message="all-pages-verification.spec.ts:489:9 should have neon green color scheme" type="FAILURE">
<![CDATA[  [Mobile Safari] › all-pages-verification.spec.ts:489:9 › All Pages Verification Suite › Cyberpunk Theme Consistency › should have neon green color scheme 

    Error: browserContext.newPage: Unknown permission: microphone
]]>
</failure>
</testcase>
<testcase name="All Pages Verification Suite › Error Handling › should handle network errors gracefully" classname="all-pages-verification.spec.ts" time="0.237">
<failure message="all-pages-verification.spec.ts:503:9 should handle network errors gracefully" type="FAILURE">
<![CDATA[  [Mobile Safari] › all-pages-verification.spec.ts:503:9 › All Pages Verification Suite › Error Handling › should handle network errors gracefully 

    Error: browserContext.newPage: Unknown permission: microphone
]]>
</failure>
</testcase>
<testcase name="All Pages Verification Suite › Error Handling › should recover from navigation errors" classname="all-pages-verification.spec.ts" time="0.178">
<failure message="all-pages-verification.spec.ts:514:9 should recover from navigation errors" type="FAILURE">
<![CDATA[  [Mobile Safari] › all-pages-verification.spec.ts:514:9 › All Pages Verification Suite › Error Handling › should recover from navigation errors 

    Error: browserContext.newPage: Unknown permission: microphone
]]>
</failure>
</testcase>
</testsuite>
</testsuites>